<?xml version="1.0" encoding="UTF-8"?>
<coverage generated="1604089725452" clover="3.2.0">
  <project timestamp="1604089725452" name="All files">
    <metrics statements="128" coveredstatements="121" conditionals="62" coveredconditionals="56" methods="54" coveredmethods="46" elements="244" coveredelements="223" complexity="0" loc="128" ncloc="128" packages="4" files="23" classes="23"/>
    <package name="Reviews">
      <metrics statements="1" coveredstatements="1" conditionals="0" coveredconditionals="0" methods="0" coveredmethods="0"/>
      <file name="jest.config.js" path="/Users/eric/Documents/HACKR/HRSF128/Reviews/jest.config.js">
        <metrics statements="1" coveredstatements="1" conditionals="0" coveredconditionals="0" methods="0" coveredmethods="0"/>
        <line num="1" count="1" type="stmt"/>
      </file>
    </package>
    <package name="Reviews.client.components">
      <metrics statements="125" coveredstatements="118" conditionals="62" coveredconditionals="56" methods="54" coveredmethods="46"/>
      <file name="App.jsx" path="/Users/eric/Documents/HACKR/HRSF128/Reviews/client/components/App.jsx">
        <metrics statements="16" coveredstatements="12" conditionals="10" coveredconditionals="10" methods="9" coveredmethods="4"/>
        <line num="15" count="1" type="stmt"/>
        <line num="29" count="2" type="stmt"/>
        <line num="30" count="2" type="stmt"/>
        <line num="35" count="2" type="stmt"/>
        <line num="36" count="2" type="stmt"/>
        <line num="37" count="2" type="stmt"/>
        <line num="41" count="2" type="stmt"/>
        <line num="45" count="2" type="stmt"/>
        <line num="49" count="2" type="stmt"/>
        <line num="50" count="2" type="stmt"/>
        <line num="51" count="0" type="stmt"/>
        <line num="57" count="0" type="stmt"/>
        <line num="62" count="0" type="stmt"/>
        <line num="68" count="0" type="stmt"/>
        <line num="74" count="3" type="stmt"/>
        <line num="75" count="3" type="stmt"/>
      </file>
      <file name="GlobalStyle.jsx" path="/Users/eric/Documents/HACKR/HRSF128/Reviews/client/components/GlobalStyle.jsx">
        <metrics statements="2" coveredstatements="2" conditionals="2" coveredconditionals="2" methods="1" coveredmethods="1"/>
        <line num="3" count="1" type="stmt"/>
        <line num="5" count="3" type="cond" truecount="2" falsecount="0"/>
      </file>
      <file name="Modal.jsx" path="/Users/eric/Documents/HACKR/HRSF128/Reviews/client/components/Modal.jsx">
        <metrics statements="5" coveredstatements="5" conditionals="2" coveredconditionals="2" methods="2" coveredmethods="2"/>
        <line num="9" count="2" type="stmt"/>
        <line num="10" count="3" type="cond" truecount="2" falsecount="0"/>
        <line num="11" count="1" type="stmt"/>
        <line num="13" count="2" type="stmt"/>
        <line num="16" count="1" type="stmt"/>
      </file>
      <file name="ModalButton.jsx" path="/Users/eric/Documents/HACKR/HRSF128/Reviews/client/components/ModalButton.jsx">
        <metrics statements="2" coveredstatements="2" conditionals="0" coveredconditionals="0" methods="1" coveredmethods="1"/>
        <line num="7" count="3" type="stmt"/>
        <line num="8" count="2" type="stmt"/>
      </file>
      <file name="ModalButtonStyle.jsx" path="/Users/eric/Documents/HACKR/HRSF128/Reviews/client/components/ModalButtonStyle.jsx">
        <metrics statements="6" coveredstatements="6" conditionals="0" coveredconditionals="0" methods="3" coveredmethods="3"/>
        <line num="3" count="3" type="stmt"/>
        <line num="17" count="3" type="stmt"/>
        <line num="46" count="3" type="stmt"/>
        <line num="55" count="3" type="stmt"/>
        <line num="64" count="3" type="stmt"/>
        <line num="68" count="3" type="stmt"/>
      </file>
      <file name="ModalContent.jsx" path="/Users/eric/Documents/HACKR/HRSF128/Reviews/client/components/ModalContent.jsx">
        <metrics statements="6" coveredstatements="6" conditionals="0" coveredconditionals="0" methods="1" coveredmethods="1"/>
        <line num="8" count="2" type="stmt"/>
        <line num="16" count="2" type="stmt"/>
        <line num="23" count="2" type="stmt"/>
        <line num="33" count="2" type="stmt"/>
        <line num="42" count="2" type="stmt"/>
        <line num="43" count="1" type="stmt"/>
      </file>
      <file name="ModalStyle.jsx" path="/Users/eric/Documents/HACKR/HRSF128/Reviews/client/components/ModalStyle.jsx">
        <metrics statements="3" coveredstatements="3" conditionals="0" coveredconditionals="0" methods="0" coveredmethods="0"/>
        <line num="3" count="2" type="stmt"/>
        <line num="23" count="2" type="stmt"/>
        <line num="37" count="2" type="stmt"/>
      </file>
      <file name="ModalTop.jsx" path="/Users/eric/Documents/HACKR/HRSF128/Reviews/client/components/ModalTop.jsx">
        <metrics statements="1" coveredstatements="1" conditionals="0" coveredconditionals="0" methods="0" coveredmethods="0"/>
        <line num="3" count="2" type="stmt"/>
      </file>
      <file name="MoreReviews.jsx" path="/Users/eric/Documents/HACKR/HRSF128/Reviews/client/components/MoreReviews.jsx">
        <metrics statements="5" coveredstatements="5" conditionals="0" coveredconditionals="0" methods="2" coveredmethods="2"/>
        <line num="4" count="2" type="stmt"/>
        <line num="9" count="2" type="stmt"/>
        <line num="27" count="2" type="stmt"/>
        <line num="28" count="2" type="stmt"/>
        <line num="30" count="1" type="stmt"/>
      </file>
      <file name="OverallStars.jsx" path="/Users/eric/Documents/HACKR/HRSF128/Reviews/client/components/OverallStars.jsx">
        <metrics statements="2" coveredstatements="2" conditionals="0" coveredconditionals="0" methods="1" coveredmethods="1"/>
        <line num="6" count="2" type="stmt"/>
        <line num="7" count="2" type="stmt"/>
      </file>
      <file name="OverallStarsStyle.jsx" path="/Users/eric/Documents/HACKR/HRSF128/Reviews/client/components/OverallStarsStyle.jsx">
        <metrics statements="10" coveredstatements="10" conditionals="12" coveredconditionals="12" methods="6" coveredmethods="6"/>
        <line num="3" count="2" type="stmt"/>
        <line num="5" count="2" type="cond" truecount="2" falsecount="0"/>
        <line num="7" count="2" type="cond" truecount="2" falsecount="0"/>
        <line num="10" count="2" type="cond" truecount="2" falsecount="0"/>
        <line num="11" count="2" type="cond" truecount="2" falsecount="0"/>
        <line num="14" count="2" type="stmt"/>
        <line num="18" count="2" type="stmt"/>
        <line num="22" count="2" type="stmt"/>
        <line num="23" count="2" type="cond" truecount="2" falsecount="0"/>
        <line num="24" count="2" type="cond" truecount="2" falsecount="0"/>
      </file>
      <file name="ReadMoreButton.jsx" path="/Users/eric/Documents/HACKR/HRSF128/Reviews/client/components/ReadMoreButton.jsx">
        <metrics statements="5" coveredstatements="5" conditionals="2" coveredconditionals="2" methods="1" coveredmethods="1"/>
        <line num="4" count="3" type="stmt"/>
        <line num="22" count="3" type="stmt"/>
        <line num="23" count="6" type="cond" truecount="2" falsecount="0"/>
        <line num="24" count="1" type="stmt"/>
        <line num="26" count="5" type="stmt"/>
      </file>
      <file name="Review.jsx" path="/Users/eric/Documents/HACKR/HRSF128/Reviews/client/components/Review.jsx">
        <metrics statements="2" coveredstatements="2" conditionals="0" coveredconditionals="0" methods="1" coveredmethods="1"/>
        <line num="9" count="3" type="stmt"/>
        <line num="10" count="7" type="stmt"/>
      </file>
      <file name="ReviewContent.jsx" path="/Users/eric/Documents/HACKR/HRSF128/Reviews/client/components/ReviewContent.jsx">
        <metrics statements="9" coveredstatements="7" conditionals="2" coveredconditionals="1" methods="4" coveredmethods="2"/>
        <line num="8" count="6" type="stmt"/>
        <line num="9" count="6" type="stmt"/>
        <line num="12" count="6" type="stmt"/>
        <line num="16" count="0" type="stmt"/>
        <line num="22" count="6" type="stmt"/>
        <line num="23" count="6" type="stmt"/>
        <line num="24" count="6" type="cond" truecount="1" falsecount="1"/>
        <line num="25" count="6" type="stmt"/>
        <line num="34" count="0" type="stmt"/>
      </file>
      <file name="ReviewList.jsx" path="/Users/eric/Documents/HACKR/HRSF128/Reviews/client/components/ReviewList.jsx">
        <metrics statements="12" coveredstatements="12" conditionals="8" coveredconditionals="8" methods="6" coveredmethods="6"/>
        <line num="10" count="2" type="stmt"/>
        <line num="11" count="2" type="cond" truecount="2" falsecount="0"/>
        <line num="12" count="2" type="cond" truecount="2" falsecount="0"/>
        <line num="15" count="2" type="cond" truecount="2" falsecount="0"/>
        <line num="20" count="2" type="stmt"/>
        <line num="21" count="2" type="stmt"/>
        <line num="22" count="2" type="cond" truecount="2" falsecount="0"/>
        <line num="23" count="1" type="stmt"/>
        <line num="24" count="1" type="stmt"/>
        <line num="27" count="30" type="stmt"/>
        <line num="34" count="1" type="stmt"/>
        <line num="36" count="6" type="stmt"/>
      </file>
      <file name="ReviewStyle.jsx" path="/Users/eric/Documents/HACKR/HRSF128/Reviews/client/components/ReviewStyle.jsx">
        <metrics statements="14" coveredstatements="13" conditionals="8" coveredconditionals="3" methods="4" coveredmethods="3"/>
        <line num="3" count="3" type="stmt"/>
        <line num="6" count="6" type="cond" truecount="1" falsecount="1"/>
        <line num="8" count="6" type="cond" truecount="1" falsecount="1"/>
        <line num="12" count="3" type="stmt"/>
        <line num="17" count="3" type="stmt"/>
        <line num="26" count="3" type="stmt"/>
        <line num="30" count="3" type="stmt"/>
        <line num="38" count="3" type="stmt"/>
        <line num="44" count="3" type="stmt"/>
        <line num="49" count="3" type="stmt"/>
        <line num="56" count="3" type="stmt"/>
        <line num="63" count="6" type="cond" truecount="1" falsecount="1"/>
        <line num="71" count="3" type="stmt"/>
        <line num="78" count="0" type="cond" truecount="0" falsecount="2"/>
      </file>
      <file name="Stars.jsx" path="/Users/eric/Documents/HACKR/HRSF128/Reviews/client/components/Stars.jsx">
        <metrics statements="2" coveredstatements="2" conditionals="0" coveredconditionals="0" methods="1" coveredmethods="1"/>
        <line num="8" count="2" type="stmt"/>
        <line num="9" count="12" type="stmt"/>
      </file>
      <file name="StarsList.jsx" path="/Users/eric/Documents/HACKR/HRSF128/Reviews/client/components/StarsList.jsx">
        <metrics statements="7" coveredstatements="7" conditionals="2" coveredconditionals="2" methods="3" coveredmethods="3"/>
        <line num="6" count="2" type="stmt"/>
        <line num="8" count="2" type="cond" truecount="2" falsecount="0"/>
        <line num="13" count="2" type="stmt"/>
        <line num="14" count="2" type="stmt"/>
        <line num="15" count="2" type="stmt"/>
        <line num="23" count="2" type="stmt"/>
        <line num="26" count="12" type="stmt"/>
      </file>
      <file name="StarsStyle.jsx" path="/Users/eric/Documents/HACKR/HRSF128/Reviews/client/components/StarsStyle.jsx">
        <metrics statements="15" coveredstatements="15" conditionals="14" coveredconditionals="14" methods="8" coveredmethods="8"/>
        <line num="3" count="2" type="stmt"/>
        <line num="4" count="12" type="cond" truecount="2" falsecount="0"/>
        <line num="6" count="12" type="cond" truecount="2" falsecount="0"/>
        <line num="10" count="12" type="cond" truecount="2" falsecount="0"/>
        <line num="15" count="2" type="stmt"/>
        <line num="16" count="12" type="cond" truecount="2" falsecount="0"/>
        <line num="19" count="12" type="cond" truecount="2" falsecount="0"/>
        <line num="20" count="12" type="cond" truecount="2" falsecount="0"/>
        <line num="21" count="12" type="cond" truecount="2" falsecount="0"/>
        <line num="24" count="2" type="stmt"/>
        <line num="28" count="2" type="stmt"/>
        <line num="35" count="2" type="stmt"/>
        <line num="44" count="2" type="stmt"/>
        <line num="52" count="2" type="stmt"/>
        <line num="53" count="12" type="stmt"/>
      </file>
      <file name="sampleData.js" path="/Users/eric/Documents/HACKR/HRSF128/Reviews/client/components/sampleData.js">
        <metrics statements="1" coveredstatements="1" conditionals="0" coveredconditionals="0" methods="0" coveredmethods="0"/>
        <line num="1" count="2" type="stmt"/>
      </file>
    </package>
    <package name="Reviews.client.fonts">
      <metrics statements="0" coveredstatements="0" conditionals="0" coveredconditionals="0" methods="0" coveredmethods="0"/>
      <file name="fonts.js" path="/Users/eric/Documents/HACKR/HRSF128/Reviews/client/fonts/fonts.js">
        <metrics statements="0" coveredstatements="0" conditionals="0" coveredconditionals="0" methods="0" coveredmethods="0"/>
      </file>
    </package>
    <package name="Reviews.server">
      <metrics statements="2" coveredstatements="2" conditionals="0" coveredconditionals="0" methods="0" coveredmethods="0"/>
      <file name="sampleData.js" path="/Users/eric/Documents/HACKR/HRSF128/Reviews/server/sampleData.js">
        <metrics statements="2" coveredstatements="2" conditionals="0" coveredconditionals="0" methods="0" coveredmethods="0"/>
        <line num="1" count="1" type="stmt"/>
        <line num="226" count="1" type="stmt"/>
      </file>
    </package>
  </project>
</coverage>
