{"/Users/eric/Documents/HACKR/HRSF128/Reviews/jest.config.js": {"path":"/Users/eric/Documents/HACKR/HRSF128/Reviews/jest.config.js","statementMap":{"0":{"start":{"line":1,"column":0},"end":{"line":13,"column":2}}},"fnMap":{},"branchMap":{},"s":{"0":1},"f":{},"b":{},"_coverageSchema":"1a1c01bbd47fc00a2c39e90264f33305004495a9","hash":"d1792abebb72bfcd86be0e71d267fb8cdf36c90f"}
,"/Users/eric/Documents/HACKR/HRSF128/Reviews/client/components/App.jsx": {"path":"/Users/eric/Documents/HACKR/HRSF128/Reviews/client/components/App.jsx","statementMap":{"0":{"start":{"line":15,"column":16},"end":{"line":25,"column":1}},"1":{"start":{"line":29,"column":4},"end":{"line":29,"column":17}},"2":{"start":{"line":30,"column":4},"end":{"line":34,"column":6}},"3":{"start":{"line":35,"column":4},"end":{"line":35,"column":57}},"4":{"start":{"line":36,"column":4},"end":{"line":36,"column":59}},"5":{"start":{"line":37,"column":4},"end":{"line":37,"column":59}},"6":{"start":{"line":41,"column":15},"end":{"line":41,"column":49}},"7":{"start":{"line":45,"column":4},"end":{"line":45,"column":28}},"8":{"start":{"line":49,"column":4},"end":{"line":58,"column":5}},"9":{"start":{"line":50,"column":23},"end":{"line":50,"column":56}},"10":{"start":{"line":51,"column":6},"end":{"line":54,"column":10}},"11":{"start":{"line":51,"column":27},"end":{"line":54,"column":7}},"12":{"start":{"line":57,"column":6},"end":{"line":57,"column":23}},"13":{"start":{"line":62,"column":4},"end":{"line":64,"column":8}},"14":{"start":{"line":62,"column":25},"end":{"line":64,"column":5}},"15":{"start":{"line":68,"column":4},"end":{"line":70,"column":8}},"16":{"start":{"line":68,"column":25},"end":{"line":70,"column":5}},"17":{"start":{"line":74,"column":47},"end":{"line":74,"column":57}},"18":{"start":{"line":75,"column":4},"end":{"line":86,"column":6}}},"fnMap":{"0":{"name":"(anonymous_0)","decl":{"start":{"line":28,"column":2},"end":{"line":28,"column":3}},"loc":{"start":{"line":28,"column":21},"end":{"line":38,"column":3}},"line":28},"1":{"name":"(anonymous_1)","decl":{"start":{"line":40,"column":2},"end":{"line":40,"column":3}},"loc":{"start":{"line":40,"column":22},"end":{"line":46,"column":3}},"line":40},"2":{"name":"(anonymous_2)","decl":{"start":{"line":48,"column":2},"end":{"line":48,"column":3}},"loc":{"start":{"line":48,"column":27},"end":{"line":59,"column":3}},"line":48},"3":{"name":"(anonymous_3)","decl":{"start":{"line":51,"column":20},"end":{"line":51,"column":21}},"loc":{"start":{"line":51,"column":27},"end":{"line":54,"column":7}},"line":51},"4":{"name":"(anonymous_4)","decl":{"start":{"line":61,"column":2},"end":{"line":61,"column":3}},"loc":{"start":{"line":61,"column":20},"end":{"line":65,"column":3}},"line":61},"5":{"name":"(anonymous_5)","decl":{"start":{"line":62,"column":18},"end":{"line":62,"column":19}},"loc":{"start":{"line":62,"column":25},"end":{"line":64,"column":5}},"line":62},"6":{"name":"(anonymous_6)","decl":{"start":{"line":67,"column":2},"end":{"line":67,"column":3}},"loc":{"start":{"line":67,"column":20},"end":{"line":71,"column":3}},"line":67},"7":{"name":"(anonymous_7)","decl":{"start":{"line":68,"column":18},"end":{"line":68,"column":19}},"loc":{"start":{"line":68,"column":25},"end":{"line":70,"column":5}},"line":68},"8":{"name":"(anonymous_8)","decl":{"start":{"line":73,"column":2},"end":{"line":73,"column":3}},"loc":{"start":{"line":73,"column":11},"end":{"line":87,"column":3}},"line":73}},"branchMap":{"0":{"loc":{"start":{"line":79,"column":11},"end":{"line":79,"column":116}},"type":"cond-expr","locations":[{"start":{"line":79,"column":20},"end":{"line":79,"column":109}},{"start":{"line":79,"column":112},"end":{"line":79,"column":116}}],"line":79},"1":{"loc":{"start":{"line":80,"column":11},"end":{"line":80,"column":107}},"type":"cond-expr","locations":[{"start":{"line":80,"column":20},"end":{"line":80,"column":100}},{"start":{"line":80,"column":103},"end":{"line":80,"column":107}}],"line":80},"2":{"loc":{"start":{"line":81,"column":11},"end":{"line":81,"column":71}},"type":"cond-expr","locations":[{"start":{"line":81,"column":20},"end":{"line":81,"column":64}},{"start":{"line":81,"column":67},"end":{"line":81,"column":71}}],"line":81},"3":{"loc":{"start":{"line":82,"column":11},"end":{"line":82,"column":71}},"type":"cond-expr","locations":[{"start":{"line":82,"column":20},"end":{"line":82,"column":64}},{"start":{"line":82,"column":67},"end":{"line":82,"column":71}}],"line":82},"4":{"loc":{"start":{"line":83,"column":11},"end":{"line":83,"column":117}},"type":"cond-expr","locations":[{"start":{"line":83,"column":20},"end":{"line":83,"column":110}},{"start":{"line":83,"column":113},"end":{"line":83,"column":117}}],"line":83}},"s":{"0":1,"1":2,"2":2,"3":2,"4":2,"5":2,"6":2,"7":2,"8":2,"9":2,"10":0,"11":0,"12":0,"13":0,"14":0,"15":0,"16":0,"17":3,"18":3},"f":{"0":2,"1":2,"2":2,"3":0,"4":0,"5":0,"6":0,"7":0,"8":3},"b":{"0":[1,2],"1":[1,2],"2":[1,2],"3":[1,2],"4":[1,2]},"_coverageSchema":"1a1c01bbd47fc00a2c39e90264f33305004495a9","hash":"928e6241ea5860777a81a79a4aae5c9f51bf78e3"}
,"/Users/eric/Documents/HACKR/HRSF128/Reviews/client/components/GlobalStyle.jsx": {"path":"/Users/eric/Documents/HACKR/HRSF128/Reviews/client/components/GlobalStyle.jsx","statementMap":{"0":{"start":{"line":3,"column":18},"end":{"line":7,"column":1}},"1":{"start":{"line":5,"column":28},"end":{"line":5,"column":65}}},"fnMap":{"0":{"name":"(anonymous_0)","decl":{"start":{"line":5,"column":18},"end":{"line":5,"column":19}},"loc":{"start":{"line":5,"column":28},"end":{"line":5,"column":65}},"line":5}},"branchMap":{"0":{"loc":{"start":{"line":5,"column":28},"end":{"line":5,"column":65}},"type":"cond-expr","locations":[{"start":{"line":5,"column":48},"end":{"line":5,"column":56}},{"start":{"line":5,"column":59},"end":{"line":5,"column":65}}],"line":5}},"s":{"0":1,"1":3},"f":{"0":3},"b":{"0":[1,2]},"_coverageSchema":"1a1c01bbd47fc00a2c39e90264f33305004495a9","hash":"ac2f5240506d2cb1063ffe842a2dea69f5860b17"}
,"/Users/eric/Documents/HACKR/HRSF128/Reviews/client/components/Modal.jsx": {"path":"/Users/eric/Documents/HACKR/HRSF128/Reviews/client/components/Modal.jsx","statementMap":{"0":{"start":{"line":9,"column":14},"end":{"line":24,"column":1}},"1":{"start":{"line":10,"column":2},"end":{"line":12,"column":3}},"2":{"start":{"line":11,"column":4},"end":{"line":11,"column":16}},"3":{"start":{"line":13,"column":2},"end":{"line":23,"column":4}},"4":{"start":{"line":16,"column":32},"end":{"line":16,"column":51}}},"fnMap":{"0":{"name":"(anonymous_0)","decl":{"start":{"line":9,"column":14},"end":{"line":9,"column":15}},"loc":{"start":{"line":9,"column":56},"end":{"line":24,"column":1}},"line":9},"1":{"name":"(anonymous_1)","decl":{"start":{"line":16,"column":27},"end":{"line":16,"column":28}},"loc":{"start":{"line":16,"column":32},"end":{"line":16,"column":51}},"line":16}},"branchMap":{"0":{"loc":{"start":{"line":10,"column":2},"end":{"line":12,"column":3}},"type":"if","locations":[{"start":{"line":10,"column":2},"end":{"line":12,"column":3}},{"start":{"line":10,"column":2},"end":{"line":12,"column":3}}],"line":10}},"s":{"0":2,"1":3,"2":1,"3":2,"4":1},"f":{"0":3,"1":1},"b":{"0":[1,2]},"_coverageSchema":"1a1c01bbd47fc00a2c39e90264f33305004495a9","hash":"463f7eb21c6f1cac50a3c27815e38b75d1aa378d"}
,"/Users/eric/Documents/HACKR/HRSF128/Reviews/client/components/ModalButton.jsx": {"path":"/Users/eric/Documents/HACKR/HRSF128/Reviews/client/components/ModalButton.jsx","statementMap":{"0":{"start":{"line":7,"column":20},"end":{"line":18,"column":1}},"1":{"start":{"line":8,"column":2},"end":{"line":17,"column":12}}},"fnMap":{"0":{"name":"(anonymous_0)","decl":{"start":{"line":7,"column":20},"end":{"line":7,"column":21}},"loc":{"start":{"line":8,"column":2},"end":{"line":17,"column":12}},"line":8}},"branchMap":{},"s":{"0":3,"1":2},"f":{"0":2},"b":{},"_coverageSchema":"1a1c01bbd47fc00a2c39e90264f33305004495a9","hash":"941d2e5a5da8f225bcba1785f294bb43e24f37b8"}
,"/Users/eric/Documents/HACKR/HRSF128/Reviews/client/components/ModalButtonStyle.jsx": {"path":"/Users/eric/Documents/HACKR/HRSF128/Reviews/client/components/ModalButtonStyle.jsx","statementMap":{"0":{"start":{"line":3,"column":23},"end":{"line":15,"column":1}},"1":{"start":{"line":17,"column":26},"end":{"line":44,"column":1}},"2":{"start":{"line":46,"column":24},"end":{"line":53,"column":1}},"3":{"start":{"line":55,"column":20},"end":{"line":62,"column":1}},"4":{"start":{"line":55,"column":44},"end":{"line":55,"column":127}},"5":{"start":{"line":64,"column":24},"end":{"line":66,"column":1}},"6":{"start":{"line":64,"column":49},"end":{"line":64,"column":68}},"7":{"start":{"line":68,"column":24},"end":{"line":70,"column":1}},"8":{"start":{"line":68,"column":49},"end":{"line":68,"column":69}}},"fnMap":{"0":{"name":"(anonymous_0)","decl":{"start":{"line":55,"column":37},"end":{"line":55,"column":38}},"loc":{"start":{"line":55,"column":44},"end":{"line":55,"column":127}},"line":55},"1":{"name":"(anonymous_1)","decl":{"start":{"line":64,"column":42},"end":{"line":64,"column":43}},"loc":{"start":{"line":64,"column":49},"end":{"line":64,"column":68}},"line":64},"2":{"name":"(anonymous_2)","decl":{"start":{"line":68,"column":42},"end":{"line":68,"column":43}},"loc":{"start":{"line":68,"column":49},"end":{"line":68,"column":69}},"line":68}},"branchMap":{},"s":{"0":3,"1":3,"2":3,"3":3,"4":2,"5":3,"6":2,"7":3,"8":2},"f":{"0":2,"1":2,"2":2},"b":{},"_coverageSchema":"1a1c01bbd47fc00a2c39e90264f33305004495a9","hash":"2aa638b526e251b30e4c608b0e3fdde0a5ec373c"}
,"/Users/eric/Documents/HACKR/HRSF128/Reviews/client/components/ModalContent.jsx": {"path":"/Users/eric/Documents/HACKR/HRSF128/Reviews/client/components/ModalContent.jsx","statementMap":{"0":{"start":{"line":8,"column":16},"end":{"line":14,"column":1}},"1":{"start":{"line":16,"column":19},"end":{"line":21,"column":1}},"2":{"start":{"line":23,"column":17},"end":{"line":31,"column":1}},"3":{"start":{"line":33,"column":19},"end":{"line":40,"column":1}},"4":{"start":{"line":42,"column":21},"end":{"line":56,"column":1}},"5":{"start":{"line":43,"column":2},"end":{"line":55,"column":4}}},"fnMap":{"0":{"name":"(anonymous_0)","decl":{"start":{"line":42,"column":21},"end":{"line":42,"column":22}},"loc":{"start":{"line":42,"column":35},"end":{"line":56,"column":1}},"line":42}},"branchMap":{},"s":{"0":2,"1":2,"2":2,"3":2,"4":2,"5":1},"f":{"0":1},"b":{},"_coverageSchema":"1a1c01bbd47fc00a2c39e90264f33305004495a9","hash":"581c938cdd10bbe7826534878d7034128d40c211"}
,"/Users/eric/Documents/HACKR/HRSF128/Reviews/client/components/ModalStyle.jsx": {"path":"/Users/eric/Documents/HACKR/HRSF128/Reviews/client/components/ModalStyle.jsx","statementMap":{"0":{"start":{"line":3,"column":31},"end":{"line":21,"column":1}},"1":{"start":{"line":23,"column":30},"end":{"line":35,"column":1}},"2":{"start":{"line":37,"column":24},"end":{"line":53,"column":1}}},"fnMap":{},"branchMap":{},"s":{"0":2,"1":2,"2":2},"f":{},"b":{},"_coverageSchema":"1a1c01bbd47fc00a2c39e90264f33305004495a9","hash":"a502534ffff06d970f090b119e2bafcfa38bf3b4"}
,"/Users/eric/Documents/HACKR/HRSF128/Reviews/client/components/ModalTop.jsx": {"path":"/Users/eric/Documents/HACKR/HRSF128/Reviews/client/components/ModalTop.jsx","statementMap":{"0":{"start":{"line":3,"column":15},"end":{"line":10,"column":1}}},"fnMap":{},"branchMap":{},"s":{"0":2},"f":{},"b":{},"_coverageSchema":"1a1c01bbd47fc00a2c39e90264f33305004495a9","hash":"c7a18125c3dbdc1a6e38002dee30004aabbb2261"}
,"/Users/eric/Documents/HACKR/HRSF128/Reviews/client/components/MoreReviews.jsx": {"path":"/Users/eric/Documents/HACKR/HRSF128/Reviews/client/components/MoreReviews.jsx","statementMap":{"0":{"start":{"line":4,"column":16},"end":{"line":7,"column":1}},"1":{"start":{"line":9,"column":15},"end":{"line":25,"column":1}},"2":{"start":{"line":27,"column":20},"end":{"line":33,"column":1}},"3":{"start":{"line":28,"column":2},"end":{"line":32,"column":4}},"4":{"start":{"line":30,"column":29},"end":{"line":30,"column":46}}},"fnMap":{"0":{"name":"(anonymous_0)","decl":{"start":{"line":27,"column":20},"end":{"line":27,"column":21}},"loc":{"start":{"line":27,"column":53},"end":{"line":33,"column":1}},"line":27},"1":{"name":"(anonymous_1)","decl":{"start":{"line":30,"column":23},"end":{"line":30,"column":24}},"loc":{"start":{"line":30,"column":29},"end":{"line":30,"column":46}},"line":30}},"branchMap":{},"s":{"0":2,"1":2,"2":2,"3":2,"4":1},"f":{"0":2,"1":1},"b":{},"_coverageSchema":"1a1c01bbd47fc00a2c39e90264f33305004495a9","hash":"2b17878a46598deace56dcf5e8beca4aa2180439"}
,"/Users/eric/Documents/HACKR/HRSF128/Reviews/client/components/OverallStars.jsx": {"path":"/Users/eric/Documents/HACKR/HRSF128/Reviews/client/components/OverallStars.jsx","statementMap":{"0":{"start":{"line":6,"column":21},"end":{"line":16,"column":1}},"1":{"start":{"line":7,"column":2},"end":{"line":15,"column":12}}},"fnMap":{"0":{"name":"(anonymous_0)","decl":{"start":{"line":6,"column":21},"end":{"line":6,"column":22}},"loc":{"start":{"line":7,"column":2},"end":{"line":15,"column":12}},"line":7}},"branchMap":{},"s":{"0":2,"1":2},"f":{"0":2},"b":{},"_coverageSchema":"1a1c01bbd47fc00a2c39e90264f33305004495a9","hash":"4d0d1b3bb976d042c75d58fe17e6178af7fcbd5f"}
,"/Users/eric/Documents/HACKR/HRSF128/Reviews/client/components/OverallStarsStyle.jsx": {"path":"/Users/eric/Documents/HACKR/HRSF128/Reviews/client/components/OverallStarsStyle.jsx","statementMap":{"0":{"start":{"line":3,"column":23},"end":{"line":12,"column":1}},"1":{"start":{"line":5,"column":22},"end":{"line":5,"column":51}},"2":{"start":{"line":7,"column":25},"end":{"line":7,"column":54}},"3":{"start":{"line":10,"column":27},"end":{"line":10,"column":56}},"4":{"start":{"line":11,"column":24},"end":{"line":11,"column":57}},"5":{"start":{"line":14,"column":24},"end":{"line":16,"column":1}},"6":{"start":{"line":18,"column":24},"end":{"line":20,"column":1}},"7":{"start":{"line":22,"column":20},"end":{"line":25,"column":1}},"8":{"start":{"line":23,"column":26},"end":{"line":23,"column":55}},"9":{"start":{"line":24,"column":21},"end":{"line":24,"column":50}}},"fnMap":{"0":{"name":"(anonymous_0)","decl":{"start":{"line":5,"column":12},"end":{"line":5,"column":13}},"loc":{"start":{"line":5,"column":22},"end":{"line":5,"column":51}},"line":5},"1":{"name":"(anonymous_1)","decl":{"start":{"line":7,"column":15},"end":{"line":7,"column":16}},"loc":{"start":{"line":7,"column":25},"end":{"line":7,"column":54}},"line":7},"2":{"name":"(anonymous_2)","decl":{"start":{"line":10,"column":17},"end":{"line":10,"column":18}},"loc":{"start":{"line":10,"column":27},"end":{"line":10,"column":56}},"line":10},"3":{"name":"(anonymous_3)","decl":{"start":{"line":11,"column":14},"end":{"line":11,"column":15}},"loc":{"start":{"line":11,"column":24},"end":{"line":11,"column":57}},"line":11},"4":{"name":"(anonymous_4)","decl":{"start":{"line":23,"column":16},"end":{"line":23,"column":17}},"loc":{"start":{"line":23,"column":26},"end":{"line":23,"column":55}},"line":23},"5":{"name":"(anonymous_5)","decl":{"start":{"line":24,"column":11},"end":{"line":24,"column":12}},"loc":{"start":{"line":24,"column":21},"end":{"line":24,"column":50}},"line":24}},"branchMap":{"0":{"loc":{"start":{"line":5,"column":22},"end":{"line":5,"column":51}},"type":"cond-expr","locations":[{"start":{"line":5,"column":36},"end":{"line":5,"column":42}},{"start":{"line":5,"column":45},"end":{"line":5,"column":51}}],"line":5},"1":{"loc":{"start":{"line":7,"column":25},"end":{"line":7,"column":54}},"type":"cond-expr","locations":[{"start":{"line":7,"column":39},"end":{"line":7,"column":45}},{"start":{"line":7,"column":48},"end":{"line":7,"column":54}}],"line":7},"2":{"loc":{"start":{"line":10,"column":27},"end":{"line":10,"column":56}},"type":"cond-expr","locations":[{"start":{"line":10,"column":41},"end":{"line":10,"column":47}},{"start":{"line":10,"column":50},"end":{"line":10,"column":56}}],"line":10},"3":{"loc":{"start":{"line":11,"column":24},"end":{"line":11,"column":57}},"type":"cond-expr","locations":[{"start":{"line":11,"column":38},"end":{"line":11,"column":46}},{"start":{"line":11,"column":49},"end":{"line":11,"column":57}}],"line":11},"4":{"loc":{"start":{"line":23,"column":26},"end":{"line":23,"column":55}},"type":"cond-expr","locations":[{"start":{"line":23,"column":40},"end":{"line":23,"column":46}},{"start":{"line":23,"column":49},"end":{"line":23,"column":55}}],"line":23},"5":{"loc":{"start":{"line":24,"column":21},"end":{"line":24,"column":50}},"type":"cond-expr","locations":[{"start":{"line":24,"column":35},"end":{"line":24,"column":41}},{"start":{"line":24,"column":44},"end":{"line":24,"column":50}}],"line":24}},"s":{"0":2,"1":2,"2":2,"3":2,"4":2,"5":2,"6":2,"7":2,"8":2,"9":2},"f":{"0":2,"1":2,"2":2,"3":2,"4":2,"5":2},"b":{"0":[1,1],"1":[1,1],"2":[1,1],"3":[1,1],"4":[1,1],"5":[1,1]},"_coverageSchema":"1a1c01bbd47fc00a2c39e90264f33305004495a9","hash":"a8573aae9c48de799afaf1549b65be2513cd10ae"}
,"/Users/eric/Documents/HACKR/HRSF128/Reviews/client/components/ReadMoreButton.jsx": {"path":"/Users/eric/Documents/HACKR/HRSF128/Reviews/client/components/ReadMoreButton.jsx","statementMap":{"0":{"start":{"line":4,"column":15},"end":{"line":20,"column":1}},"1":{"start":{"line":22,"column":23},"end":{"line":29,"column":1}},"2":{"start":{"line":23,"column":2},"end":{"line":25,"column":3}},"3":{"start":{"line":24,"column":4},"end":{"line":24,"column":16}},"4":{"start":{"line":26,"column":2},"end":{"line":28,"column":4}}},"fnMap":{"0":{"name":"(anonymous_0)","decl":{"start":{"line":22,"column":23},"end":{"line":22,"column":24}},"loc":{"start":{"line":22,"column":62},"end":{"line":29,"column":1}},"line":22}},"branchMap":{"0":{"loc":{"start":{"line":23,"column":2},"end":{"line":25,"column":3}},"type":"if","locations":[{"start":{"line":23,"column":2},"end":{"line":25,"column":3}},{"start":{"line":23,"column":2},"end":{"line":25,"column":3}}],"line":23}},"s":{"0":3,"1":3,"2":6,"3":1,"4":5},"f":{"0":6},"b":{"0":[1,5]},"_coverageSchema":"1a1c01bbd47fc00a2c39e90264f33305004495a9","hash":"694598ef956f6302909669cc14b947cb5d7cc175"}
,"/Users/eric/Documents/HACKR/HRSF128/Reviews/client/components/Review.jsx": {"path":"/Users/eric/Documents/HACKR/HRSF128/Reviews/client/components/Review.jsx","statementMap":{"0":{"start":{"line":9,"column":15},"end":{"line":33,"column":1}},"1":{"start":{"line":10,"column":2},"end":{"line":32,"column":4}}},"fnMap":{"0":{"name":"(anonymous_0)","decl":{"start":{"line":9,"column":15},"end":{"line":9,"column":16}},"loc":{"start":{"line":9,"column":49},"end":{"line":33,"column":1}},"line":9}},"branchMap":{},"s":{"0":3,"1":7},"f":{"0":7},"b":{},"_coverageSchema":"1a1c01bbd47fc00a2c39e90264f33305004495a9","hash":"5cad45152caf2a8f6b97b7a62b6cbd99e210ec59"}
,"/Users/eric/Documents/HACKR/HRSF128/Reviews/client/components/ReviewContent.jsx": {"path":"/Users/eric/Documents/HACKR/HRSF128/Reviews/client/components/ReviewContent.jsx","statementMap":{"0":{"start":{"line":8,"column":4},"end":{"line":8,"column":17}},"1":{"start":{"line":9,"column":4},"end":{"line":11,"column":6}},"2":{"start":{"line":12,"column":4},"end":{"line":12,"column":57}},"3":{"start":{"line":16,"column":4},"end":{"line":18,"column":8}},"4":{"start":{"line":16,"column":25},"end":{"line":18,"column":5}},"5":{"start":{"line":22,"column":46},"end":{"line":22,"column":56}},"6":{"start":{"line":23,"column":25},"end":{"line":23,"column":35}},"7":{"start":{"line":24,"column":4},"end":{"line":33,"column":5}},"8":{"start":{"line":25,"column":6},"end":{"line":32,"column":8}},"9":{"start":{"line":34,"column":4},"end":{"line":38,"column":6}}},"fnMap":{"0":{"name":"(anonymous_0)","decl":{"start":{"line":7,"column":2},"end":{"line":7,"column":3}},"loc":{"start":{"line":7,"column":21},"end":{"line":13,"column":3}},"line":7},"1":{"name":"(anonymous_1)","decl":{"start":{"line":15,"column":2},"end":{"line":15,"column":3}},"loc":{"start":{"line":15,"column":19},"end":{"line":19,"column":3}},"line":15},"2":{"name":"(anonymous_2)","decl":{"start":{"line":16,"column":18},"end":{"line":16,"column":19}},"loc":{"start":{"line":16,"column":25},"end":{"line":18,"column":5}},"line":16},"3":{"name":"(anonymous_3)","decl":{"start":{"line":21,"column":2},"end":{"line":21,"column":3}},"loc":{"start":{"line":21,"column":11},"end":{"line":39,"column":3}},"line":21}},"branchMap":{"0":{"loc":{"start":{"line":24,"column":4},"end":{"line":33,"column":5}},"type":"if","locations":[{"start":{"line":24,"column":4},"end":{"line":33,"column":5}},{"start":{"line":24,"column":4},"end":{"line":33,"column":5}}],"line":24}},"s":{"0":6,"1":6,"2":6,"3":0,"4":0,"5":6,"6":6,"7":6,"8":6,"9":0},"f":{"0":6,"1":0,"2":0,"3":6},"b":{"0":[6,0]},"_coverageSchema":"1a1c01bbd47fc00a2c39e90264f33305004495a9","hash":"f24d6abb86c7783fe808118e0e4ed920c97e37f3"}
,"/Users/eric/Documents/HACKR/HRSF128/Reviews/client/components/ReviewList.jsx": {"path":"/Users/eric/Documents/HACKR/HRSF128/Reviews/client/components/ReviewList.jsx","statementMap":{"0":{"start":{"line":10,"column":16},"end":{"line":18,"column":1}},"1":{"start":{"line":11,"column":24},"end":{"line":11,"column":53}},"2":{"start":{"line":12,"column":28},"end":{"line":12,"column":58}},"3":{"start":{"line":15,"column":27},"end":{"line":15,"column":69}},"4":{"start":{"line":20,"column":19},"end":{"line":39,"column":1}},"5":{"start":{"line":21,"column":21},"end":{"line":21,"column":40}},"6":{"start":{"line":22,"column":2},"end":{"line":33,"column":3}},"7":{"start":{"line":23,"column":4},"end":{"line":23,"column":27}},"8":{"start":{"line":24,"column":4},"end":{"line":32,"column":6}},"9":{"start":{"line":27,"column":10},"end":{"line":29,"column":21}},"10":{"start":{"line":34,"column":2},"end":{"line":38,"column":4}},"11":{"start":{"line":36,"column":33},"end":{"line":36,"column":135}}},"fnMap":{"0":{"name":"(anonymous_0)","decl":{"start":{"line":11,"column":12},"end":{"line":11,"column":13}},"loc":{"start":{"line":11,"column":24},"end":{"line":11,"column":53}},"line":11},"1":{"name":"(anonymous_1)","decl":{"start":{"line":12,"column":16},"end":{"line":12,"column":17}},"loc":{"start":{"line":12,"column":28},"end":{"line":12,"column":58}},"line":12},"2":{"name":"(anonymous_2)","decl":{"start":{"line":15,"column":15},"end":{"line":15,"column":16}},"loc":{"start":{"line":15,"column":27},"end":{"line":15,"column":69}},"line":15},"3":{"name":"(anonymous_3)","decl":{"start":{"line":20,"column":19},"end":{"line":20,"column":20}},"loc":{"start":{"line":20,"column":43},"end":{"line":39,"column":1}},"line":20},"4":{"name":"(anonymous_4)","decl":{"start":{"line":26,"column":26},"end":{"line":26,"column":27}},"loc":{"start":{"line":27,"column":10},"end":{"line":29,"column":21}},"line":27},"5":{"name":"(anonymous_5)","decl":{"start":{"line":36,"column":24},"end":{"line":36,"column":25}},"loc":{"start":{"line":36,"column":33},"end":{"line":36,"column":135}},"line":36}},"branchMap":{"0":{"loc":{"start":{"line":11,"column":24},"end":{"line":11,"column":53}},"type":"cond-expr","locations":[{"start":{"line":11,"column":38},"end":{"line":11,"column":44}},{"start":{"line":11,"column":47},"end":{"line":11,"column":53}}],"line":11},"1":{"loc":{"start":{"line":12,"column":28},"end":{"line":12,"column":58}},"type":"cond-expr","locations":[{"start":{"line":12,"column":42},"end":{"line":12,"column":48}},{"start":{"line":12,"column":51},"end":{"line":12,"column":58}}],"line":12},"2":{"loc":{"start":{"line":15,"column":27},"end":{"line":15,"column":69}},"type":"cond-expr","locations":[{"start":{"line":15,"column":41},"end":{"line":15,"column":56}},{"start":{"line":15,"column":59},"end":{"line":15,"column":69}}],"line":15},"3":{"loc":{"start":{"line":22,"column":2},"end":{"line":33,"column":3}},"type":"if","locations":[{"start":{"line":22,"column":2},"end":{"line":33,"column":3}},{"start":{"line":22,"column":2},"end":{"line":33,"column":3}}],"line":22}},"s":{"0":2,"1":2,"2":2,"3":2,"4":2,"5":2,"6":2,"7":1,"8":1,"9":30,"10":1,"11":6},"f":{"0":2,"1":2,"2":2,"3":2,"4":30,"5":6},"b":{"0":[1,1],"1":[1,1],"2":[1,1],"3":[1,1]},"_coverageSchema":"1a1c01bbd47fc00a2c39e90264f33305004495a9","hash":"2c7be01e54b88815cff939606a1e22440554a8fa"}
,"/Users/eric/Documents/HACKR/HRSF128/Reviews/client/components/ReviewStyle.jsx": {"path":"/Users/eric/Documents/HACKR/HRSF128/Reviews/client/components/ReviewStyle.jsx","statementMap":{"0":{"start":{"line":3,"column":23},"end":{"line":9,"column":1}},"1":{"start":{"line":6,"column":21},"end":{"line":6,"column":49}},"2":{"start":{"line":8,"column":28},"end":{"line":8,"column":56}},"3":{"start":{"line":12,"column":29},"end":{"line":15,"column":1}},"4":{"start":{"line":17,"column":24},"end":{"line":24,"column":1}},"5":{"start":{"line":26,"column":28},"end":{"line":28,"column":1}},"6":{"start":{"line":30,"column":31},"end":{"line":37,"column":1}},"7":{"start":{"line":38,"column":27},"end":{"line":42,"column":1}},"8":{"start":{"line":44,"column":23},"end":{"line":48,"column":1}},"9":{"start":{"line":49,"column":21},"end":{"line":53,"column":1}},"10":{"start":{"line":56,"column":20},"end":{"line":69,"column":1}},"11":{"start":{"line":63,"column":25},"end":{"line":63,"column":56}},"12":{"start":{"line":71,"column":28},"end":{"line":79,"column":1}},"13":{"start":{"line":78,"column":25},"end":{"line":78,"column":56}}},"fnMap":{"0":{"name":"(anonymous_0)","decl":{"start":{"line":6,"column":11},"end":{"line":6,"column":12}},"loc":{"start":{"line":6,"column":21},"end":{"line":6,"column":49}},"line":6},"1":{"name":"(anonymous_1)","decl":{"start":{"line":8,"column":18},"end":{"line":8,"column":19}},"loc":{"start":{"line":8,"column":28},"end":{"line":8,"column":56}},"line":8},"2":{"name":"(anonymous_2)","decl":{"start":{"line":63,"column":15},"end":{"line":63,"column":16}},"loc":{"start":{"line":63,"column":25},"end":{"line":63,"column":56}},"line":63},"3":{"name":"(anonymous_3)","decl":{"start":{"line":78,"column":15},"end":{"line":78,"column":16}},"loc":{"start":{"line":78,"column":25},"end":{"line":78,"column":56}},"line":78}},"branchMap":{"0":{"loc":{"start":{"line":6,"column":21},"end":{"line":6,"column":49}},"type":"cond-expr","locations":[{"start":{"line":6,"column":35},"end":{"line":6,"column":41}},{"start":{"line":6,"column":44},"end":{"line":6,"column":49}}],"line":6},"1":{"loc":{"start":{"line":8,"column":28},"end":{"line":8,"column":56}},"type":"cond-expr","locations":[{"start":{"line":8,"column":42},"end":{"line":8,"column":47}},{"start":{"line":8,"column":50},"end":{"line":8,"column":56}}],"line":8},"2":{"loc":{"start":{"line":63,"column":25},"end":{"line":63,"column":56}},"type":"cond-expr","locations":[{"start":{"line":63,"column":39},"end":{"line":63,"column":46}},{"start":{"line":63,"column":49},"end":{"line":63,"column":56}}],"line":63},"3":{"loc":{"start":{"line":78,"column":25},"end":{"line":78,"column":56}},"type":"cond-expr","locations":[{"start":{"line":78,"column":39},"end":{"line":78,"column":46}},{"start":{"line":78,"column":49},"end":{"line":78,"column":56}}],"line":78}},"s":{"0":3,"1":6,"2":6,"3":3,"4":3,"5":3,"6":3,"7":3,"8":3,"9":3,"10":3,"11":6,"12":3,"13":0},"f":{"0":6,"1":6,"2":6,"3":0},"b":{"0":[0,6],"1":[0,6],"2":[0,6],"3":[0,0]},"_coverageSchema":"1a1c01bbd47fc00a2c39e90264f33305004495a9","hash":"0a8d6540f6ca546c90f4399774d94b8193b3a7b6"}
,"/Users/eric/Documents/HACKR/HRSF128/Reviews/client/components/Stars.jsx": {"path":"/Users/eric/Documents/HACKR/HRSF128/Reviews/client/components/Stars.jsx","statementMap":{"0":{"start":{"line":8,"column":14},"end":{"line":28,"column":1}},"1":{"start":{"line":9,"column":2},"end":{"line":27,"column":4}}},"fnMap":{"0":{"name":"(anonymous_0)","decl":{"start":{"line":8,"column":14},"end":{"line":8,"column":15}},"loc":{"start":{"line":8,"column":47},"end":{"line":28,"column":1}},"line":8}},"branchMap":{},"s":{"0":2,"1":12},"f":{"0":12},"b":{},"_coverageSchema":"1a1c01bbd47fc00a2c39e90264f33305004495a9","hash":"8affa899ecfa11c0358ec4df867c1c7a602ddb38"}
,"/Users/eric/Documents/HACKR/HRSF128/Reviews/client/components/StarsList.jsx": {"path":"/Users/eric/Documents/HACKR/HRSF128/Reviews/client/components/StarsList.jsx","statementMap":{"0":{"start":{"line":6,"column":16},"end":{"line":11,"column":1}},"1":{"start":{"line":8,"column":22},"end":{"line":8,"column":63}},"2":{"start":{"line":13,"column":18},"end":{"line":30,"column":1}},"3":{"start":{"line":14,"column":20},"end":{"line":14,"column":97}},"4":{"start":{"line":15,"column":18},"end":{"line":22,"column":3}},"5":{"start":{"line":23,"column":2},"end":{"line":29,"column":4}},"6":{"start":{"line":26,"column":8},"end":{"line":26,"column":88}}},"fnMap":{"0":{"name":"(anonymous_0)","decl":{"start":{"line":8,"column":12},"end":{"line":8,"column":13}},"loc":{"start":{"line":8,"column":22},"end":{"line":8,"column":63}},"line":8},"1":{"name":"(anonymous_1)","decl":{"start":{"line":13,"column":18},"end":{"line":13,"column":19}},"loc":{"start":{"line":13,"column":40},"end":{"line":30,"column":1}},"line":13},"2":{"name":"(anonymous_2)","decl":{"start":{"line":25,"column":21},"end":{"line":25,"column":22}},"loc":{"start":{"line":26,"column":8},"end":{"line":26,"column":88}},"line":26}},"branchMap":{"0":{"loc":{"start":{"line":8,"column":22},"end":{"line":8,"column":63}},"type":"cond-expr","locations":[{"start":{"line":8,"column":36},"end":{"line":8,"column":53}},{"start":{"line":8,"column":56},"end":{"line":8,"column":63}}],"line":8}},"s":{"0":2,"1":2,"2":2,"3":2,"4":2,"5":2,"6":12},"f":{"0":2,"1":2,"2":12},"b":{"0":[1,1]},"_coverageSchema":"1a1c01bbd47fc00a2c39e90264f33305004495a9","hash":"a1dcdc1e6168a7b0122436f56e36a66fa9e8b0eb"}
,"/Users/eric/Documents/HACKR/HRSF128/Reviews/client/components/StarsStyle.jsx": {"path":"/Users/eric/Documents/HACKR/HRSF128/Reviews/client/components/StarsStyle.jsx","statementMap":{"0":{"start":{"line":3,"column":23},"end":{"line":13,"column":1}},"1":{"start":{"line":4,"column":21},"end":{"line":4,"column":51}},"2":{"start":{"line":6,"column":28},"end":{"line":6,"column":56}},"3":{"start":{"line":10,"column":25},"end":{"line":10,"column":54}},"4":{"start":{"line":15,"column":29},"end":{"line":22,"column":1}},"5":{"start":{"line":16,"column":29},"end":{"line":16,"column":58}},"6":{"start":{"line":19,"column":29},"end":{"line":19,"column":58}},"7":{"start":{"line":20,"column":27},"end":{"line":20,"column":58}},"8":{"start":{"line":21,"column":31},"end":{"line":21,"column":75}},"9":{"start":{"line":24,"column":27},"end":{"line":26,"column":1}},"10":{"start":{"line":28,"column":26},"end":{"line":34,"column":1}},"11":{"start":{"line":35,"column":29},"end":{"line":42,"column":1}},"12":{"start":{"line":44,"column":19},"end":{"line":50,"column":1}},"13":{"start":{"line":52,"column":22},"end":{"line":56,"column":1}},"14":{"start":{"line":53,"column":20},"end":{"line":53,"column":32}}},"fnMap":{"0":{"name":"(anonymous_0)","decl":{"start":{"line":4,"column":11},"end":{"line":4,"column":12}},"loc":{"start":{"line":4,"column":21},"end":{"line":4,"column":51}},"line":4},"1":{"name":"(anonymous_1)","decl":{"start":{"line":6,"column":18},"end":{"line":6,"column":19}},"loc":{"start":{"line":6,"column":28},"end":{"line":6,"column":56}},"line":6},"2":{"name":"(anonymous_2)","decl":{"start":{"line":10,"column":15},"end":{"line":10,"column":16}},"loc":{"start":{"line":10,"column":25},"end":{"line":10,"column":54}},"line":10},"3":{"name":"(anonymous_3)","decl":{"start":{"line":16,"column":19},"end":{"line":16,"column":20}},"loc":{"start":{"line":16,"column":29},"end":{"line":16,"column":58}},"line":16},"4":{"name":"(anonymous_4)","decl":{"start":{"line":19,"column":19},"end":{"line":19,"column":20}},"loc":{"start":{"line":19,"column":29},"end":{"line":19,"column":58}},"line":19},"5":{"name":"(anonymous_5)","decl":{"start":{"line":20,"column":17},"end":{"line":20,"column":18}},"loc":{"start":{"line":20,"column":27},"end":{"line":20,"column":58}},"line":20},"6":{"name":"(anonymous_6)","decl":{"start":{"line":21,"column":21},"end":{"line":21,"column":22}},"loc":{"start":{"line":21,"column":31},"end":{"line":21,"column":75}},"line":21},"7":{"name":"(anonymous_7)","decl":{"start":{"line":53,"column":11},"end":{"line":53,"column":12}},"loc":{"start":{"line":53,"column":20},"end":{"line":53,"column":32}},"line":53}},"branchMap":{"0":{"loc":{"start":{"line":4,"column":21},"end":{"line":4,"column":51}},"type":"cond-expr","locations":[{"start":{"line":4,"column":35},"end":{"line":4,"column":41}},{"start":{"line":4,"column":44},"end":{"line":4,"column":51}}],"line":4},"1":{"loc":{"start":{"line":6,"column":28},"end":{"line":6,"column":56}},"type":"cond-expr","locations":[{"start":{"line":6,"column":42},"end":{"line":6,"column":47}},{"start":{"line":6,"column":50},"end":{"line":6,"column":56}}],"line":6},"2":{"loc":{"start":{"line":10,"column":25},"end":{"line":10,"column":54}},"type":"cond-expr","locations":[{"start":{"line":10,"column":39},"end":{"line":10,"column":45}},{"start":{"line":10,"column":48},"end":{"line":10,"column":54}}],"line":10},"3":{"loc":{"start":{"line":16,"column":29},"end":{"line":16,"column":58}},"type":"cond-expr","locations":[{"start":{"line":16,"column":43},"end":{"line":16,"column":49}},{"start":{"line":16,"column":52},"end":{"line":16,"column":58}}],"line":16},"4":{"loc":{"start":{"line":19,"column":29},"end":{"line":19,"column":58}},"type":"cond-expr","locations":[{"start":{"line":19,"column":43},"end":{"line":19,"column":49}},{"start":{"line":19,"column":52},"end":{"line":19,"column":58}}],"line":19},"5":{"loc":{"start":{"line":20,"column":27},"end":{"line":20,"column":58}},"type":"cond-expr","locations":[{"start":{"line":20,"column":41},"end":{"line":20,"column":49}},{"start":{"line":20,"column":52},"end":{"line":20,"column":58}}],"line":20},"6":{"loc":{"start":{"line":21,"column":31},"end":{"line":21,"column":75}},"type":"cond-expr","locations":[{"start":{"line":21,"column":45},"end":{"line":21,"column":60}},{"start":{"line":21,"column":63},"end":{"line":21,"column":75}}],"line":21}},"s":{"0":2,"1":12,"2":12,"3":12,"4":2,"5":12,"6":12,"7":12,"8":12,"9":2,"10":2,"11":2,"12":2,"13":2,"14":12},"f":{"0":12,"1":12,"2":12,"3":12,"4":12,"5":12,"6":12,"7":12},"b":{"0":[6,6],"1":[6,6],"2":[6,6],"3":[6,6],"4":[6,6],"5":[6,6],"6":[6,6]},"_coverageSchema":"1a1c01bbd47fc00a2c39e90264f33305004495a9","hash":"3ae9226c3fb241ca56b37c9c496ab22630bee05a"}
,"/Users/eric/Documents/HACKR/HRSF128/Reviews/client/components/sampleData.js": {"path":"/Users/eric/Documents/HACKR/HRSF128/Reviews/client/components/sampleData.js","statementMap":{"0":{"start":{"line":1,"column":19},"end":{"line":224,"column":1}}},"fnMap":{},"branchMap":{},"s":{"0":2},"f":{},"b":{},"_coverageSchema":"1a1c01bbd47fc00a2c39e90264f33305004495a9","hash":"086dce3e4562a470ebacd6f7a6e695e708692d02"}
,"/Users/eric/Documents/HACKR/HRSF128/Reviews/client/fonts/fonts.js": {"path":"/Users/eric/Documents/HACKR/HRSF128/Reviews/client/fonts/fonts.js","statementMap":{},"fnMap":{},"branchMap":{},"s":{},"f":{},"b":{},"_coverageSchema":"1a1c01bbd47fc00a2c39e90264f33305004495a9","hash":"3572e2a0c006b1a850f0a9fb7ad2cc234a0899d5"}
,"/Users/eric/Documents/HACKR/HRSF128/Reviews/server/sampleData.js": {"path":"/Users/eric/Documents/HACKR/HRSF128/Reviews/server/sampleData.js","statementMap":{"0":{"start":{"line":1,"column":19},"end":{"line":224,"column":1}},"1":{"start":{"line":226,"column":0},"end":{"line":226,"column":32}}},"fnMap":{},"branchMap":{},"s":{"0":1,"1":1},"f":{},"b":{},"_coverageSchema":"1a1c01bbd47fc00a2c39e90264f33305004495a9","hash":"4f343e66e6df8b7fa99ae15e5ab1637568dafc00"}
}
