TN:
SF:jest.config.js
FNF:0
FNH:0
DA:1,1
LF:1
LH:1
BRF:0
BRH:0
end_of_record
TN:
SF:client/components/App.jsx
FN:28,(anonymous_0)
FN:40,(anonymous_1)
FN:48,(anonymous_2)
FN:51,(anonymous_3)
FN:61,(anonymous_4)
FN:62,(anonymous_5)
FN:67,(anonymous_6)
FN:68,(anonymous_7)
FN:73,(anonymous_8)
FNF:9
FNH:4
FNDA:2,(anonymous_0)
FNDA:2,(anonymous_1)
FNDA:2,(anonymous_2)
FNDA:0,(anonymous_3)
FNDA:0,(anonymous_4)
FNDA:0,(anonymous_5)
FNDA:0,(anonymous_6)
FNDA:0,(anonymous_7)
FNDA:3,(anonymous_8)
DA:15,1
DA:29,2
DA:30,2
DA:35,2
DA:36,2
DA:37,2
DA:41,2
DA:45,2
DA:49,2
DA:50,2
DA:51,0
DA:57,0
DA:62,0
DA:68,0
DA:74,3
DA:75,3
LF:16
LH:12
BRDA:79,0,0,1
BRDA:79,0,1,2
BRDA:80,1,0,1
BRDA:80,1,1,2
BRDA:81,2,0,1
BRDA:81,2,1,2
BRDA:82,3,0,1
BRDA:82,3,1,2
BRDA:83,4,0,1
BRDA:83,4,1,2
BRF:10
BRH:10
end_of_record
TN:
SF:client/components/GlobalStyle.jsx
FN:5,(anonymous_0)
FNF:1
FNH:1
FNDA:3,(anonymous_0)
DA:3,1
DA:5,3
LF:2
LH:2
BRDA:5,0,0,1
BRDA:5,0,1,2
BRF:2
BRH:2
end_of_record
TN:
SF:client/components/Modal.jsx
FN:9,(anonymous_0)
FN:16,(anonymous_1)
FNF:2
FNH:2
FNDA:3,(anonymous_0)
FNDA:1,(anonymous_1)
DA:9,2
DA:10,3
DA:11,1
DA:13,2
DA:16,1
LF:5
LH:5
BRDA:10,0,0,1
BRDA:10,0,1,2
BRF:2
BRH:2
end_of_record
TN:
SF:client/components/ModalButton.jsx
FN:7,(anonymous_0)
FNF:1
FNH:1
FNDA:2,(anonymous_0)
DA:7,3
DA:8,2
LF:2
LH:2
BRF:0
BRH:0
end_of_record
TN:
SF:client/components/ModalButtonStyle.jsx
FN:55,(anonymous_0)
FN:64,(anonymous_1)
FN:68,(anonymous_2)
FNF:3
FNH:3
FNDA:2,(anonymous_0)
FNDA:2,(anonymous_1)
FNDA:2,(anonymous_2)
DA:3,3
DA:17,3
DA:46,3
DA:55,3
DA:64,3
DA:68,3
LF:6
LH:6
BRF:0
BRH:0
end_of_record
TN:
SF:client/components/ModalContent.jsx
FN:42,(anonymous_0)
FNF:1
FNH:1
FNDA:1,(anonymous_0)
DA:8,2
DA:16,2
DA:23,2
DA:33,2
DA:42,2
DA:43,1
LF:6
LH:6
BRF:0
BRH:0
end_of_record
TN:
SF:client/components/ModalStyle.jsx
FNF:0
FNH:0
DA:3,2
DA:23,2
DA:37,2
LF:3
LH:3
BRF:0
BRH:0
end_of_record
TN:
SF:client/components/ModalTop.jsx
FNF:0
FNH:0
DA:3,2
LF:1
LH:1
BRF:0
BRH:0
end_of_record
TN:
SF:client/components/MoreReviews.jsx
FN:27,(anonymous_0)
FN:30,(anonymous_1)
FNF:2
FNH:2
FNDA:2,(anonymous_0)
FNDA:1,(anonymous_1)
DA:4,2
DA:9,2
DA:27,2
DA:28,2
DA:30,1
LF:5
LH:5
BRF:0
BRH:0
end_of_record
TN:
SF:client/components/OverallStars.jsx
FN:6,(anonymous_0)
FNF:1
FNH:1
FNDA:2,(anonymous_0)
DA:6,2
DA:7,2
LF:2
LH:2
BRF:0
BRH:0
end_of_record
TN:
SF:client/components/OverallStarsStyle.jsx
FN:5,(anonymous_0)
FN:7,(anonymous_1)
FN:10,(anonymous_2)
FN:11,(anonymous_3)
FN:23,(anonymous_4)
FN:24,(anonymous_5)
FNF:6
FNH:6
FNDA:2,(anonymous_0)
FNDA:2,(anonymous_1)
FNDA:2,(anonymous_2)
FNDA:2,(anonymous_3)
FNDA:2,(anonymous_4)
FNDA:2,(anonymous_5)
DA:3,2
DA:5,2
DA:7,2
DA:10,2
DA:11,2
DA:14,2
DA:18,2
DA:22,2
DA:23,2
DA:24,2
LF:10
LH:10
BRDA:5,0,0,1
BRDA:5,0,1,1
BRDA:7,1,0,1
BRDA:7,1,1,1
BRDA:10,2,0,1
BRDA:10,2,1,1
BRDA:11,3,0,1
BRDA:11,3,1,1
BRDA:23,4,0,1
BRDA:23,4,1,1
BRDA:24,5,0,1
BRDA:24,5,1,1
BRF:12
BRH:12
end_of_record
TN:
SF:client/components/ReadMoreButton.jsx
FN:22,(anonymous_0)
FNF:1
FNH:1
FNDA:6,(anonymous_0)
DA:4,3
DA:22,3
DA:23,6
DA:24,1
DA:26,5
LF:5
LH:5
BRDA:23,0,0,1
BRDA:23,0,1,5
BRF:2
BRH:2
end_of_record
TN:
SF:client/components/Review.jsx
FN:9,(anonymous_0)
FNF:1
FNH:1
FNDA:7,(anonymous_0)
DA:9,3
DA:10,7
LF:2
LH:2
BRF:0
BRH:0
end_of_record
TN:
SF:client/components/ReviewContent.jsx
FN:7,(anonymous_0)
FN:15,(anonymous_1)
FN:16,(anonymous_2)
FN:21,(anonymous_3)
FNF:4
FNH:2
FNDA:6,(anonymous_0)
FNDA:0,(anonymous_1)
FNDA:0,(anonymous_2)
FNDA:6,(anonymous_3)
DA:8,6
DA:9,6
DA:12,6
DA:16,0
DA:22,6
DA:23,6
DA:24,6
DA:25,6
DA:34,0
LF:9
LH:7
BRDA:24,0,0,6
BRDA:24,0,1,0
BRF:2
BRH:1
end_of_record
TN:
SF:client/components/ReviewList.jsx
FN:11,(anonymous_0)
FN:12,(anonymous_1)
FN:15,(anonymous_2)
FN:20,(anonymous_3)
FN:26,(anonymous_4)
FN:36,(anonymous_5)
FNF:6
FNH:6
FNDA:2,(anonymous_0)
FNDA:2,(anonymous_1)
FNDA:2,(anonymous_2)
FNDA:2,(anonymous_3)
FNDA:30,(anonymous_4)
FNDA:6,(anonymous_5)
DA:10,2
DA:11,2
DA:12,2
DA:15,2
DA:20,2
DA:21,2
DA:22,2
DA:23,1
DA:24,1
DA:27,30
DA:34,1
DA:36,6
LF:12
LH:12
BRDA:11,0,0,1
BRDA:11,0,1,1
BRDA:12,1,0,1
BRDA:12,1,1,1
BRDA:15,2,0,1
BRDA:15,2,1,1
BRDA:22,3,0,1
BRDA:22,3,1,1
BRF:8
BRH:8
end_of_record
TN:
SF:client/components/ReviewStyle.jsx
FN:6,(anonymous_0)
FN:8,(anonymous_1)
FN:63,(anonymous_2)
FN:78,(anonymous_3)
FNF:4
FNH:3
FNDA:6,(anonymous_0)
FNDA:6,(anonymous_1)
FNDA:6,(anonymous_2)
FNDA:0,(anonymous_3)
DA:3,3
DA:6,6
DA:8,6
DA:12,3
DA:17,3
DA:26,3
DA:30,3
DA:38,3
DA:44,3
DA:49,3
DA:56,3
DA:63,6
DA:71,3
DA:78,0
LF:14
LH:13
BRDA:6,0,0,0
BRDA:6,0,1,6
BRDA:8,1,0,0
BRDA:8,1,1,6
BRDA:63,2,0,0
BRDA:63,2,1,6
BRDA:78,3,0,0
BRDA:78,3,1,0
BRF:8
BRH:3
end_of_record
TN:
SF:client/components/Stars.jsx
FN:8,(anonymous_0)
FNF:1
FNH:1
FNDA:12,(anonymous_0)
DA:8,2
DA:9,12
LF:2
LH:2
BRF:0
BRH:0
end_of_record
TN:
SF:client/components/StarsList.jsx
FN:8,(anonymous_0)
FN:13,(anonymous_1)
FN:25,(anonymous_2)
FNF:3
FNH:3
FNDA:2,(anonymous_0)
FNDA:2,(anonymous_1)
FNDA:12,(anonymous_2)
DA:6,2
DA:8,2
DA:13,2
DA:14,2
DA:15,2
DA:23,2
DA:26,12
LF:7
LH:7
BRDA:8,0,0,1
BRDA:8,0,1,1
BRF:2
BRH:2
end_of_record
TN:
SF:client/components/StarsStyle.jsx
FN:4,(anonymous_0)
FN:6,(anonymous_1)
FN:10,(anonymous_2)
FN:16,(anonymous_3)
FN:19,(anonymous_4)
FN:20,(anonymous_5)
FN:21,(anonymous_6)
FN:53,(anonymous_7)
FNF:8
FNH:8
FNDA:12,(anonymous_0)
FNDA:12,(anonymous_1)
FNDA:12,(anonymous_2)
FNDA:12,(anonymous_3)
FNDA:12,(anonymous_4)
FNDA:12,(anonymous_5)
FNDA:12,(anonymous_6)
FNDA:12,(anonymous_7)
DA:3,2
DA:4,12
DA:6,12
DA:10,12
DA:15,2
DA:16,12
DA:19,12
DA:20,12
DA:21,12
DA:24,2
DA:28,2
DA:35,2
DA:44,2
DA:52,2
DA:53,12
LF:15
LH:15
BRDA:4,0,0,6
BRDA:4,0,1,6
BRDA:6,1,0,6
BRDA:6,1,1,6
BRDA:10,2,0,6
BRDA:10,2,1,6
BRDA:16,3,0,6
BRDA:16,3,1,6
BRDA:19,4,0,6
BRDA:19,4,1,6
BRDA:20,5,0,6
BRDA:20,5,1,6
BRDA:21,6,0,6
BRDA:21,6,1,6
BRF:14
BRH:14
end_of_record
TN:
SF:client/components/sampleData.js
FNF:0
FNH:0
DA:1,2
LF:1
LH:1
BRF:0
BRH:0
end_of_record
TN:
SF:client/fonts/fonts.js
FNF:0
FNH:0
LF:0
LH:0
BRF:0
BRH:0
end_of_record
TN:
SF:server/sampleData.js
FNF:0
FNH:0
DA:1,1
DA:226,1
LF:2
LH:2
BRF:0
BRH:0
end_of_record
